{"D:\\Lanerfel\\artigos\\teste\\pokemon.js": {"path":"D:\\Lanerfel\\artigos\\teste\\pokemon.js","statementMap":{"0":{"start":{"line":1,"column":14},"end":{"line":1,"column":35}},"1":{"start":{"line":3,"column":19},"end":{"line":7,"column":1}},"2":{"start":{"line":4,"column":19},"end":{"line":5,"column":55}},"3":{"start":{"line":6,"column":2},"end":{"line":6,"column":25}},"4":{"start":{"line":9,"column":29},"end":{"line":22,"column":1}},"5":{"start":{"line":10,"column":34},"end":{"line":11,"column":59}},"6":{"start":{"line":12,"column":33},"end":{"line":13,"column":58}},"7":{"start":{"line":14,"column":32},"end":{"line":14,"column":68}},"8":{"start":{"line":15,"column":31},"end":{"line":15,"column":66}},"9":{"start":{"line":16,"column":2},"end":{"line":21,"column":16}},"10":{"start":{"line":17,"column":4},"end":{"line":17,"column":38}},"11":{"start":{"line":18,"column":7},"end":{"line":21,"column":16}},"12":{"start":{"line":19,"column":4},"end":{"line":19,"column":37}},"13":{"start":{"line":21,"column":4},"end":{"line":21,"column":16}},"14":{"start":{"line":24,"column":0},"end":{"line":27,"column":1}}},"fnMap":{"0":{"name":"(anonymous_0)","decl":{"start":{"line":3,"column":19},"end":{"line":3,"column":20}},"loc":{"start":{"line":3,"column":42},"end":{"line":7,"column":1}},"line":3},"1":{"name":"(anonymous_1)","decl":{"start":{"line":9,"column":29},"end":{"line":9,"column":30}},"loc":{"start":{"line":9,"column":72},"end":{"line":22,"column":1}},"line":9}},"branchMap":{"0":{"loc":{"start":{"line":16,"column":2},"end":{"line":21,"column":16}},"type":"if","locations":[{"start":{"line":16,"column":2},"end":{"line":21,"column":16}},{"start":{"line":16,"column":2},"end":{"line":21,"column":16}}],"line":16},"1":{"loc":{"start":{"line":18,"column":7},"end":{"line":21,"column":16}},"type":"if","locations":[{"start":{"line":18,"column":7},"end":{"line":21,"column":16}},{"start":{"line":18,"column":7},"end":{"line":21,"column":16}}],"line":18}},"s":{"0":1,"1":1,"2":1,"3":1,"4":1,"5":1,"6":1,"7":1,"8":1,"9":1,"10":0,"11":1,"12":1,"13":0,"14":1},"f":{"0":1,"1":1},"b":{"0":[0,1],"1":[1,0]},"_coverageSchema":"1a1c01bbd47fc00a2c39e90264f33305004495a9","hash":"c9b6e66d8b9f7402124a3cee1ba99b7dd6d60e97"}
}
